<?xml version='1.0'?>
<ns2:test-suite xmlns:ns2='urn:model.allure.qatools.yandex.ru' start='1594347541229' stop='1594347553282'>
    <name>Forgot-password</name>
    <title>Forgot-password</title>
    <test-cases>
        <test-case start='1594347541229' status='broken' stop='1594347553035'>
            <name>Container-background</name>
            <title>Container-background</title>
            <labels>
                <label name='language' value='javascript'/>
                <label name='framework' value='wdio'/>
                <label name='thread' value='0-0'/>
            </labels>
            <parameters>
                <parameter kind='argument' name='browser' value='chrome'/>
            </parameters>
            <steps>
                <step start='1594347541233' status='passed' stop='1594347541741'>
                    <name>POST /session/:sessionId/url</name>
                    <title>POST /session/:sessionId/url</title>
                    <attachments>
                        <attachment title='Request' source='1a83fe3c-3a26-456c-8058-8bc77c8df864-attachment.json' type='application/json' size='582'/>
                    </attachments>
                    <steps/>
                </step>
                <step start='1594347541742' status='passed' stop='1594347541767'>
                    <name>POST /session/:sessionId/element</name>
                    <title>POST /session/:sessionId/element</title>
                    <attachments>
                        <attachment title='Request' source='1476d75b-67fa-4557-b2bb-e043be9d2ae4-attachment.json' type='application/json' size='58'/>
                        <attachment title='Response' source='9ed1beb2-94ba-4788-a69d-670f2edebdec-attachment.json' type='application/json' size='1858'/>
                    </attachments>
                    <steps/>
                </step>
                <step start='1594347541783' status='passed' stop='1594347541798'>
                    <name>POST /session/:sessionId/elements</name>
                    <title>POST /session/:sessionId/elements</title>
                    <attachments>
                        <attachment title='Request' source='ac5c9aa5-f56f-404d-aae4-a6f4c105b559-attachment.json' type='application/json' size='58'/>
                        <attachment title='Response' source='905f3129-29fc-4137-a6b6-a18787a9a481-attachment.json' type='application/json' size='2'/>
                    </attachments>
                    <steps/>
                </step>
                <step start='1594347542279' status='passed' stop='1594347542289'>
                    <name>POST /session/:sessionId/elements</name>
                    <title>POST /session/:sessionId/elements</title>
                    <attachments>
                        <attachment title='Request' source='266cf3ca-840e-48cc-9555-52bbd583b2cd-attachment.json' type='application/json' size='58'/>
                        <attachment title='Response' source='82db7055-32a7-4a6a-83cd-a15061e96b78-attachment.json' type='application/json' size='2'/>
                    </attachments>
                    <steps/>
                </step>
                <step start='1594347542780' status='passed' stop='1594347542791'>
                    <name>POST /session/:sessionId/elements</name>
                    <title>POST /session/:sessionId/elements</title>
                    <attachments>
                        <attachment title='Request' source='fdfe12c2-25c3-42dc-bed0-b8eac121e0f0-attachment.json' type='application/json' size='58'/>
                        <attachment title='Response' source='69680eba-ad2d-4058-b5aa-0d6fdb111de0-attachment.json' type='application/json' size='2'/>
                    </attachments>
                    <steps/>
                </step>
                <step start='1594347543281' status='passed' stop='1594347543290'>
                    <name>POST /session/:sessionId/elements</name>
                    <title>POST /session/:sessionId/elements</title>
                    <attachments>
                        <attachment title='Request' source='68b2100f-b108-4577-b92a-aed621eb5129-attachment.json' type='application/json' size='58'/>
                        <attachment title='Response' source='06c104fd-ad8a-4ede-b81d-2b8a433637b1-attachment.json' type='application/json' size='2'/>
                    </attachments>
                    <steps/>
                </step>
                <step start='1594347543781' status='passed' stop='1594347543792'>
                    <name>POST /session/:sessionId/elements</name>
                    <title>POST /session/:sessionId/elements</title>
                    <attachments>
                        <attachment title='Request' source='220d7242-8ecc-4a33-b9b8-532f827fa698-attachment.json' type='application/json' size='58'/>
                        <attachment title='Response' source='6eb93819-5177-4d4b-a186-ac14857b5faa-attachment.json' type='application/json' size='2'/>
                    </attachments>
                    <steps/>
                </step>
                <step start='1594347544282' status='passed' stop='1594347544291'>
                    <name>POST /session/:sessionId/elements</name>
                    <title>POST /session/:sessionId/elements</title>
                    <attachments>
                        <attachment title='Request' source='e527cc40-18e1-441e-aff7-ce31cab41bad-attachment.json' type='application/json' size='58'/>
                        <attachment title='Response' source='81b4dad1-7d25-4824-8a93-6bb5f9d991c4-attachment.json' type='application/json' size='2'/>
                    </attachments>
                    <steps/>
                </step>
                <step start='1594347544781' status='passed' stop='1594347544789'>
                    <name>POST /session/:sessionId/elements</name>
                    <title>POST /session/:sessionId/elements</title>
                    <attachments>
                        <attachment title='Request' source='ce2a119f-5a86-400d-916f-dc962bb88b2e-attachment.json' type='application/json' size='58'/>
                        <attachment title='Response' source='3298ce51-3987-43b3-ad7d-05935e683634-attachment.json' type='application/json' size='2'/>
                    </attachments>
                    <steps/>
                </step>
                <step start='1594347545283' status='passed' stop='1594347545292'>
                    <name>POST /session/:sessionId/elements</name>
                    <title>POST /session/:sessionId/elements</title>
                    <attachments>
                        <attachment title='Request' source='4482dddd-4191-4b37-9ee9-a7086bf90297-attachment.json' type='application/json' size='58'/>
                        <attachment title='Response' source='f5474fc8-4324-4016-baba-097f2be825c6-attachment.json' type='application/json' size='2'/>
                    </attachments>
                    <steps/>
                </step>
                <step start='1594347545782' status='passed' stop='1594347545791'>
                    <name>POST /session/:sessionId/elements</name>
                    <title>POST /session/:sessionId/elements</title>
                    <attachments>
                        <attachment title='Request' source='56669a36-e73a-4511-a907-d1909f7943a6-attachment.json' type='application/json' size='58'/>
                        <attachment title='Response' source='602c6c9a-af4e-42d7-a65b-4f5a5ae858cb-attachment.json' type='application/json' size='2'/>
                    </attachments>
                    <steps/>
                </step>
                <step start='1594347546280' status='passed' stop='1594347546289'>
                    <name>POST /session/:sessionId/elements</name>
                    <title>POST /session/:sessionId/elements</title>
                    <attachments>
                        <attachment title='Request' source='0c7b09a0-2626-467b-9614-6d390624d78a-attachment.json' type='application/json' size='58'/>
                        <attachment title='Response' source='f63e052b-d510-4b75-8efd-0ad42433d4ca-attachment.json' type='application/json' size='2'/>
                    </attachments>
                    <steps/>
                </step>
                <step start='1594347546781' status='passed' stop='1594347546790'>
                    <name>POST /session/:sessionId/elements</name>
                    <title>POST /session/:sessionId/elements</title>
                    <attachments>
                        <attachment title='Request' source='6a671b67-b19f-4245-9cbc-f0a91c45364b-attachment.json' type='application/json' size='58'/>
                        <attachment title='Response' source='74d8cd23-59b8-45dd-ae4e-0ce5b169aa2d-attachment.json' type='application/json' size='2'/>
                    </attachments>
                    <steps/>
                </step>
                <step start='1594347547279' status='passed' stop='1594347547287'>
                    <name>POST /session/:sessionId/elements</name>
                    <title>POST /session/:sessionId/elements</title>
                    <attachments>
                        <attachment title='Request' source='f49ca873-847c-4af2-8b6d-8acba0a7e57a-attachment.json' type='application/json' size='58'/>
                        <attachment title='Response' source='33192696-7595-448c-af6c-a80553040deb-attachment.json' type='application/json' size='2'/>
                    </attachments>
                    <steps/>
                </step>
                <step start='1594347547794' status='passed' stop='1594347547814'>
                    <name>POST /session/:sessionId/elements</name>
                    <title>POST /session/:sessionId/elements</title>
                    <attachments>
                        <attachment title='Request' source='13f66fb3-3b62-4bfe-9dd8-7a86e825b90b-attachment.json' type='application/json' size='58'/>
                        <attachment title='Response' source='4748c7c2-00cb-4219-8279-b011fc3cedfe-attachment.json' type='application/json' size='2'/>
                    </attachments>
                    <steps/>
                </step>
                <step start='1594347548281' status='passed' stop='1594347548294'>
                    <name>POST /session/:sessionId/elements</name>
                    <title>POST /session/:sessionId/elements</title>
                    <attachments>
                        <attachment title='Request' source='f5e2d58b-3f1f-4e59-94f7-a434fb8e1f5a-attachment.json' type='application/json' size='58'/>
                        <attachment title='Response' source='2c4786ff-a425-48a6-8a74-9a2f8ade6412-attachment.json' type='application/json' size='2'/>
                    </attachments>
                    <steps/>
                </step>
                <step start='1594347548782' status='passed' stop='1594347548792'>
                    <name>POST /session/:sessionId/elements</name>
                    <title>POST /session/:sessionId/elements</title>
                    <attachments>
                        <attachment title='Request' source='878dde30-c61c-4926-ae5a-a9b83296fb29-attachment.json' type='application/json' size='58'/>
                        <attachment title='Response' source='8ab61d66-c5fd-4683-bebf-65b719f8e2ee-attachment.json' type='application/json' size='2'/>
                    </attachments>
                    <steps/>
                </step>
                <step start='1594347549282' status='passed' stop='1594347549289'>
                    <name>POST /session/:sessionId/elements</name>
                    <title>POST /session/:sessionId/elements</title>
                    <attachments>
                        <attachment title='Request' source='61c58c8f-4bbd-425b-b0fb-75d3cb4b47d8-attachment.json' type='application/json' size='58'/>
                        <attachment title='Response' source='127f6859-1f6a-4827-bf4e-d03715fde4f5-attachment.json' type='application/json' size='2'/>
                    </attachments>
                    <steps/>
                </step>
                <step start='1594347549783' status='passed' stop='1594347549791'>
                    <name>POST /session/:sessionId/elements</name>
                    <title>POST /session/:sessionId/elements</title>
                    <attachments>
                        <attachment title='Request' source='60a9f3e8-6395-462c-aaee-53a8cb8d74ee-attachment.json' type='application/json' size='58'/>
                        <attachment title='Response' source='f2fa7b9a-aa55-4e40-9ef2-39312aa87601-attachment.json' type='application/json' size='2'/>
                    </attachments>
                    <steps/>
                </step>
                <step start='1594347550279' status='passed' stop='1594347550288'>
                    <name>POST /session/:sessionId/elements</name>
                    <title>POST /session/:sessionId/elements</title>
                    <attachments>
                        <attachment title='Request' source='72b763ff-df88-448d-a1b7-ae52aaaef9d5-attachment.json' type='application/json' size='58'/>
                        <attachment title='Response' source='4189829c-b737-4672-96b2-3335db0b3391-attachment.json' type='application/json' size='2'/>
                    </attachments>
                    <steps/>
                </step>
                <step start='1594347550778' status='passed' stop='1594347550786'>
                    <name>POST /session/:sessionId/elements</name>
                    <title>POST /session/:sessionId/elements</title>
                    <attachments>
                        <attachment title='Request' source='c58ba6ae-42c4-456e-acf9-db37b8aa7efc-attachment.json' type='application/json' size='58'/>
                        <attachment title='Response' source='ad97c18e-71ab-4fca-a702-5104d98a8c1b-attachment.json' type='application/json' size='2'/>
                    </attachments>
                    <steps/>
                </step>
                <step start='1594347551280' status='passed' stop='1594347551289'>
                    <name>POST /session/:sessionId/elements</name>
                    <title>POST /session/:sessionId/elements</title>
                    <attachments>
                        <attachment title='Request' source='83a82ce5-b6c8-4e13-9690-ed60e2fae7fb-attachment.json' type='application/json' size='58'/>
                        <attachment title='Response' source='bbce17c6-dc53-4067-b4dd-463336067a1d-attachment.json' type='application/json' size='2'/>
                    </attachments>
                    <steps/>
                </step>
                <step start='1594347551782' status='passed' stop='1594347553023'>
                    <name>POST /session/:sessionId/elements</name>
                    <title>POST /session/:sessionId/elements</title>
                    <attachments>
                        <attachment title='Request' source='533eb5fd-cf53-4e75-834a-59defd6eedec-attachment.json' type='application/json' size='58'/>
                    </attachments>
                    <steps>
                        <step start='1594347551802' status='passed' stop='1594347551805'>
                            <name>GET /session/:sessionId/screenshot</name>
                            <title>GET /session/:sessionId/screenshot</title>
                            <attachments>
                                <attachment title='Response' source='73a92cff-3c28-4f6b-81a0-7cdc2edabe65-attachment.json' type='application/json' size='2'/>
                            </attachments>
                            <steps/>
                        </step>
                    </steps>
                </step>
            </steps>
            <attachments/>
            <failure>
                <message>Can't call getCSSProperty on element with selector ".gg-login-form" because element wasn't found</message>
                <stack-trace>Error: Can't call getCSSProperty on element with selector ".gg-login-form" because element wasn't found
                    at home.containerBg (/Users/newuser/Projects/alluma-automation/test/pages/home.page.js:14:37)
                    at Context.&lt;anonymous> (/Users/newuser/Projects/alluma-automation/test/specs/forgot-password.test.js:8:14)</stack-trace>
            </failure>
        </test-case>
        <test-case start='1594347553035' status='broken' stop='1594347553090'>
            <name>Connections-text</name>
            <title>Connections-text</title>
            <labels>
                <label name='language' value='javascript'/>
                <label name='framework' value='wdio'/>
                <label name='thread' value='0-0'/>
            </labels>
            <parameters>
                <parameter kind='argument' name='browser' value='chrome'/>
            </parameters>
            <steps>
                <step start='1594347553036' status='broken' stop='1594347553090'>
                    <name>POST /session/:sessionId/element</name>
                    <title>POST /session/:sessionId/element</title>
                    <attachments>
                        <attachment title='Request' source='5a3a6c30-9f4f-4933-a81c-9a91e908e4c1-attachment.json' type='application/json' size='65'/>
                    </attachments>
                    <steps>
                        <step start='1594347553061' status='broken' stop='1594347553090'>
                            <name>GET /session/:sessionId/screenshot</name>
                            <title>GET /session/:sessionId/screenshot</title>
                            <attachments/>
                            <steps/>
                        </step>
                    </steps>
                </step>
            </steps>
            <attachments/>
            <failure>
                <message>no such window: target window already closed
                from unknown error: web view not found
                  (Session info: chrome=83.0.4103.116)</message>
                <stack-trace>no such window: target window already closed
                from unknown error: web view not found
                  (Session info: chrome=83.0.4103.116)
                    at processTicksAndRejections (internal/process/task_queues.js:93:5)
                    at $ (/Users/newuser/Projects/alluma-automation/node_modules/@wdio/runner/build/index.js:189:36)
                    at home.connText (/Users/newuser/Projects/alluma-automation/test/pages/home.page.js:34:20)
                    at Context.&lt;anonymous> (/Users/newuser/Projects/alluma-automation/test/specs/forgot-password.test.js:12:14)</stack-trace>
            </failure>
        </test-case>
        <test-case start='1594347553095' status='broken' stop='1594347553137'>
            <name>Connections-color</name>
            <title>Connections-color</title>
            <labels>
                <label name='language' value='javascript'/>
                <label name='framework' value='wdio'/>
                <label name='thread' value='0-0'/>
            </labels>
            <parameters>
                <parameter kind='argument' name='browser' value='chrome'/>
            </parameters>
            <steps>
                <step start='1594347553096' status='broken' stop='1594347553137'>
                    <name>POST /session/:sessionId/element</name>
                    <title>POST /session/:sessionId/element</title>
                    <attachments>
                        <attachment title='Request' source='5727914e-d6d5-4370-a3bf-578c58179e86-attachment.json' type='application/json' size='65'/>
                    </attachments>
                    <steps>
                        <step start='1594347553115' status='broken' stop='1594347553137'>
                            <name>GET /session/:sessionId/screenshot</name>
                            <title>GET /session/:sessionId/screenshot</title>
                            <attachments/>
                            <steps/>
                        </step>
                    </steps>
                </step>
            </steps>
            <attachments/>
            <failure>
                <message>no such window: target window already closed
                from unknown error: web view not found
                  (Session info: chrome=83.0.4103.116)</message>
                <stack-trace>no such window: target window already closed
                from unknown error: web view not found
                  (Session info: chrome=83.0.4103.116)
                    at processTicksAndRejections (internal/process/task_queues.js:93:5)
                    at $ (/Users/newuser/Projects/alluma-automation/node_modules/@wdio/runner/build/index.js:189:36)
                    at home.connColor (/Users/newuser/Projects/alluma-automation/test/pages/home.page.js:39:21)
                    at Context.&lt;anonymous> (/Users/newuser/Projects/alluma-automation/test/specs/forgot-password.test.js:16:14)</stack-trace>
            </failure>
        </test-case>
        <test-case start='1594347553140' status='broken' stop='1594347553178'>
            <name>Connections-size</name>
            <title>Connections-size</title>
            <labels>
                <label name='language' value='javascript'/>
                <label name='framework' value='wdio'/>
                <label name='thread' value='0-0'/>
            </labels>
            <parameters>
                <parameter kind='argument' name='browser' value='chrome'/>
            </parameters>
            <steps>
                <step start='1594347553142' status='broken' stop='1594347553178'>
                    <name>POST /session/:sessionId/element</name>
                    <title>POST /session/:sessionId/element</title>
                    <attachments>
                        <attachment title='Request' source='c70a8362-7645-499b-a631-19fb1a8fda67-attachment.json' type='application/json' size='65'/>
                    </attachments>
                    <steps>
                        <step start='1594347553157' status='broken' stop='1594347553178'>
                            <name>GET /session/:sessionId/screenshot</name>
                            <title>GET /session/:sessionId/screenshot</title>
                            <attachments/>
                            <steps/>
                        </step>
                    </steps>
                </step>
            </steps>
            <attachments/>
            <failure>
                <message>no such window: target window already closed
                from unknown error: web view not found
                  (Session info: chrome=83.0.4103.116)</message>
                <stack-trace>no such window: target window already closed
                from unknown error: web view not found
                  (Session info: chrome=83.0.4103.116)
                    at processTicksAndRejections (internal/process/task_queues.js:93:5)
                    at $ (/Users/newuser/Projects/alluma-automation/node_modules/@wdio/runner/build/index.js:189:36)
                    at home.connSize (/Users/newuser/Projects/alluma-automation/test/pages/home.page.js:44:20)
                    at Context.&lt;anonymous> (/Users/newuser/Projects/alluma-automation/test/specs/forgot-password.test.js:20:14)</stack-trace>
            </failure>
        </test-case>
        <test-case start='1594347553179' status='broken' stop='1594347553205'>
            <name>Connections-size</name>
            <title>Connections-size</title>
            <labels>
                <label name='language' value='javascript'/>
                <label name='framework' value='wdio'/>
                <label name='thread' value='0-0'/>
            </labels>
            <parameters>
                <parameter kind='argument' name='browser' value='chrome'/>
            </parameters>
            <steps>
                <step start='1594347553180' status='broken' stop='1594347553205'>
                    <name>POST /session/:sessionId/element</name>
                    <title>POST /session/:sessionId/element</title>
                    <attachments>
                        <attachment title='Request' source='ac16f5b6-7953-406f-b301-4b1aaeb66a68-attachment.json' type='application/json' size='65'/>
                    </attachments>
                    <steps>
                        <step start='1594347553189' status='broken' stop='1594347553205'>
                            <name>GET /session/:sessionId/screenshot</name>
                            <title>GET /session/:sessionId/screenshot</title>
                            <attachments/>
                            <steps/>
                        </step>
                    </steps>
                </step>
            </steps>
            <attachments/>
            <failure>
                <message>no such window: target window already closed
                from unknown error: web view not found
                  (Session info: chrome=83.0.4103.116)</message>
                <stack-trace>no such window: target window already closed
                from unknown error: web view not found
                  (Session info: chrome=83.0.4103.116)
                    at processTicksAndRejections (internal/process/task_queues.js:93:5)
                    at $ (/Users/newuser/Projects/alluma-automation/node_modules/@wdio/runner/build/index.js:189:36)
                    at home.connSize (/Users/newuser/Projects/alluma-automation/test/pages/home.page.js:44:20)
                    at Context.&lt;anonymous> (/Users/newuser/Projects/alluma-automation/test/specs/forgot-password.test.js:24:14)</stack-trace>
            </failure>
        </test-case>
        <test-case start='1594347553206' status='broken' stop='1594347553238'>
            <name>Forgot-text-text</name>
            <title>Forgot-text-text</title>
            <labels>
                <label name='language' value='javascript'/>
                <label name='framework' value='wdio'/>
                <label name='thread' value='0-0'/>
            </labels>
            <parameters>
                <parameter kind='argument' name='browser' value='chrome'/>
            </parameters>
            <steps>
                <step start='1594347553206' status='broken' stop='1594347553238'>
                    <name>POST /session/:sessionId/element</name>
                    <title>POST /session/:sessionId/element</title>
                    <attachments>
                        <attachment title='Request' source='654baccd-a40b-4864-8372-ef5143e03b17-attachment.json' type='application/json' size='65'/>
                    </attachments>
                    <steps>
                        <step start='1594347553225' status='broken' stop='1594347553238'>
                            <name>GET /session/:sessionId/screenshot</name>
                            <title>GET /session/:sessionId/screenshot</title>
                            <attachments/>
                            <steps/>
                        </step>
                    </steps>
                </step>
            </steps>
            <attachments/>
            <failure>
                <message>no such window: target window already closed
                from unknown error: web view not found
                  (Session info: chrome=83.0.4103.116)</message>
                <stack-trace>no such window: target window already closed
                from unknown error: web view not found
                  (Session info: chrome=83.0.4103.116)
                    at processTicksAndRejections (internal/process/task_queues.js:93:5)
                    at $ (/Users/newuser/Projects/alluma-automation/node_modules/@wdio/runner/build/index.js:189:36)
                    at forgotPassword.forgotText (/Users/newuser/Projects/alluma-automation/test/pages/forgot-password.page.js:9:20)
                    at Context.&lt;anonymous> (/Users/newuser/Projects/alluma-automation/test/specs/forgot-password.test.js:28:24)</stack-trace>
            </failure>
        </test-case>
        <test-case start='1594347553239' status='broken' stop='1594347553262'>
            <name>Forgot-text-color</name>
            <title>Forgot-text-color</title>
            <labels>
                <label name='language' value='javascript'/>
                <label name='framework' value='wdio'/>
                <label name='thread' value='0-0'/>
            </labels>
            <parameters>
                <parameter kind='argument' name='browser' value='chrome'/>
            </parameters>
            <steps>
                <step start='1594347553242' status='broken' stop='1594347553262'>
                    <name>GET /session/:sessionId/screenshot</name>
                    <title>GET /session/:sessionId/screenshot</title>
                    <attachments/>
                    <steps/>
                </step>
            </steps>
            <attachments/>
            <failure>
                <message>selector needs to be typeof `string` or `function`</message>
                <stack-trace>Error: selector needs to be typeof `string` or `function`
                    at $ (/Users/newuser/Projects/alluma-automation/node_modules/@wdio/runner/build/index.js:189:36)
                    at forgotPassword.forgotColor (/Users/newuser/Projects/alluma-automation/test/pages/forgot-password.page.js:14:21)
                    at Context.&lt;anonymous> (/Users/newuser/Projects/alluma-automation/test/specs/forgot-password.test.js:32:24)</stack-trace>
            </failure>
        </test-case>
        <test-case start='1594347553262' status='broken' stop='1594347553281'>
            <name>Forgot-text-size</name>
            <title>Forgot-text-size</title>
            <labels>
                <label name='language' value='javascript'/>
                <label name='framework' value='wdio'/>
                <label name='thread' value='0-0'/>
            </labels>
            <parameters>
                <parameter kind='argument' name='browser' value='chrome'/>
            </parameters>
            <steps>
                <step start='1594347553265' status='broken' stop='1594347553281'>
                    <name>GET /session/:sessionId/screenshot</name>
                    <title>GET /session/:sessionId/screenshot</title>
                    <attachments/>
                    <steps/>
                </step>
            </steps>
            <attachments/>
            <failure>
                <message>selector needs to be typeof `string` or `function`</message>
                <stack-trace>Error: selector needs to be typeof `string` or `function`
                    at $ (/Users/newuser/Projects/alluma-automation/node_modules/@wdio/runner/build/index.js:189:36)
                    at forgotPassword.forgotSize (/Users/newuser/Projects/alluma-automation/test/pages/forgot-password.page.js:19:20)
                    at Context.&lt;anonymous> (/Users/newuser/Projects/alluma-automation/test/specs/forgot-password.test.js:36:24)</stack-trace>
            </failure>
        </test-case>
    </test-cases>
</ns2:test-suite>