<?xml version='1.0'?>
<ns2:test-suite xmlns:ns2='urn:model.allure.qatools.yandex.ru' start='1594262185879' stop='1594262188743'>
    <name>Client</name>
    <title>Client</title>
    <test-cases>
        <test-case start='1594262185882' status='failed' stop='1594262188742'>
            <name>Get title</name>
            <title>Get title</title>
            <labels>
                <label name='language' value='javascript'/>
                <label name='framework' value='wdio'/>
                <label name='thread' value='0-0'/>
            </labels>
            <parameters>
                <parameter kind='argument' name='browser' value='chrome'/>
            </parameters>
            <steps>
                <step start='1594262185889' status='passed' stop='1594262186329'>
                    <name>POST /session/:sessionId/url</name>
                    <title>POST /session/:sessionId/url</title>
                    <attachments>
                        <attachment title='Request' source='470843d0-ac20-40fa-b3a9-e5b0d29b6315-attachment.json' type='application/json' size='56'/>
                    </attachments>
                    <steps/>
                </step>
                <step start='1594262186329' status='passed' stop='1594262186337'>
                    <name>GET /session/:sessionId/title</name>
                    <title>GET /session/:sessionId/title</title>
                    <attachments>
                        <attachment title='Response' source='eb5da263-4dcc-4cf0-aa12-67a0f2c67b74-attachment.json' type='application/json' size='34'/>
                    </attachments>
                    <steps/>
                </step>
                <step start='1594262188346' status='passed' stop='1594262188741'>
                    <name>GET /session/:sessionId/screenshot</name>
                    <title>GET /session/:sessionId/screenshot</title>
                    <attachments>
                        <attachment title='Screenshot' source='167a133b-0e9e-445e-9708-872fc8d7df33-attachment.png' type='image/png' size='63457'/>
                    </attachments>
                    <steps/>
                </step>
            </steps>
            <attachments/>
            <failure>
                <message>'cx-sb01-auth01.azurewebsites.net' == 'Bug Tracker'</message>
                <stack-trace>AssertionError [ERR_ASSERTION]: 'cx-sb01-auth01.azurewebsites.net' == 'Bug Tracker'
                    at Context.&lt;anonymous> (/Users/newuser/Projects/alluma-automation/test/specs/test.js:9:14)</stack-trace>
            </failure>
        </test-case>
    </test-cases>
</ns2:test-suite>