<?xml version='1.0'?>
<ns2:test-suite xmlns:ns2='urn:model.allure.qatools.yandex.ru' start='1594262148929' stop='1594262154003'>
    <name>Client</name>
    <title>Client</title>
    <test-cases>
        <test-case start='1594262148929' status='failed' stop='1594262154002'>
            <name>Get title</name>
            <title>Get title</title>
            <labels>
                <label name='language' value='javascript'/>
                <label name='framework' value='wdio'/>
                <label name='thread' value='0-0'/>
            </labels>
            <parameters>
                <parameter kind='argument' name='browser' value='chrome'/>
            </parameters>
            <steps>
                <step start='1594262148937' status='passed' stop='1594262151398'>
                    <name>POST /session/:sessionId/url</name>
                    <title>POST /session/:sessionId/url</title>
                    <attachments>
                        <attachment title='Request' source='ae7f8e2e-10f5-4cef-83cc-777c061b11bc-attachment.json' type='application/json' size='29'/>
                    </attachments>
                    <steps/>
                </step>
                <step start='1594262151398' status='passed' stop='1594262151498'>
                    <name>GET /session/:sessionId/title</name>
                    <title>GET /session/:sessionId/title</title>
                    <attachments>
                        <attachment title='Response' source='657930ad-b319-4f29-8c0a-b43859896b3d-attachment.json' type='application/json' size='20'/>
                    </attachments>
                    <steps/>
                </step>
                <step start='1594262153512' status='passed' stop='1594262154000'>
                    <name>GET /session/:sessionId/screenshot</name>
                    <title>GET /session/:sessionId/screenshot</title>
                    <attachments>
                        <attachment title='Screenshot' source='381450c1-8e13-4c1a-8c62-282a8ab4755e-attachment.png' type='image/png' size='134601'/>
                    </attachments>
                    <steps/>
                </step>
            </steps>
            <attachments/>
            <failure>
                <message>'Free URL Shortener' == 'Bug Tracker'</message>
                <stack-trace>AssertionError [ERR_ASSERTION]: 'Free URL Shortener' == 'Bug Tracker'
                    at Context.&lt;anonymous> (/Users/newuser/Projects/alluma-automation/test/specs/test.js:9:14)</stack-trace>
            </failure>
        </test-case>
    </test-cases>
</ns2:test-suite>