<?xml version='1.0'?>
<ns2:test-suite xmlns:ns2='urn:model.allure.qatools.yandex.ru' start='1594266851149' stop='1594266851685'>
    <name>Header</name>
    <title>Header</title>
    <test-cases>
        <test-case start='1594266851149' status='broken' stop='1594266851647'>
            <name>Header-logo</name>
            <title>Header-logo</title>
            <labels>
                <label name='language' value='javascript'/>
                <label name='framework' value='wdio'/>
                <label name='thread' value='0-3'/>
            </labels>
            <parameters>
                <parameter kind='argument' name='browser' value='chrome'/>
            </parameters>
            <steps>
                <step start='1594266851153' status='passed' stop='1594266851592'>
                    <name>POST /session/:sessionId/url</name>
                    <title>POST /session/:sessionId/url</title>
                    <attachments>
                        <attachment title='Request' source='c3a4acac-caf9-4dcf-a620-55b75c30a4c7-attachment.json' type='application/json' size='436'/>
                    </attachments>
                    <steps/>
                </step>
                <step start='1594266851593' status='broken' stop='1594266851647'>
                    <name>POST /session/:sessionId/element</name>
                    <title>POST /session/:sessionId/element</title>
                    <attachments>
                        <attachment title='Request' source='4ed1e0f9-26af-436c-a4f8-11aa1c049392-attachment.json' type='application/json' size='60'/>
                    </attachments>
                    <steps>
                        <step start='1594266851623' status='broken' stop='1594266851647'>
                            <name>GET /session/:sessionId/screenshot</name>
                            <title>GET /session/:sessionId/screenshot</title>
                            <attachments/>
                            <steps/>
                        </step>
                    </steps>
                </step>
            </steps>
            <attachments/>
            <failure>
                <message>no such window: target window already closed
                from unknown error: web view not found
                  (Session info: chrome=83.0.4103.116)</message>
                <stack-trace>no such window: target window already closed
                from unknown error: web view not found
                  (Session info: chrome=83.0.4103.116)
                    at processTicksAndRejections (internal/process/task_queues.js:93:5)
                    at $ (/Users/newuser/Projects/alluma-automation/node_modules/@wdio/runner/build/index.js:189:36)
                    at headerLogoDispayed (/Users/newuser/Projects/alluma-automation/test/pages/header.page.js:10:9)
                    at Context.&lt;anonymous> (/Users/newuser/Projects/alluma-automation/test/specs/header.test.js:6:16)</stack-trace>
            </failure>
        </test-case>
        <test-case start='1594266851649' status='broken' stop='1594266851685'>
            <name>Header-logo-text</name>
            <title>Header-logo-text</title>
            <labels>
                <label name='language' value='javascript'/>
                <label name='framework' value='wdio'/>
                <label name='thread' value='0-3'/>
            </labels>
            <parameters>
                <parameter kind='argument' name='browser' value='chrome'/>
            </parameters>
            <steps>
                <step start='1594266851652' status='broken' stop='1594266851684'>
                    <name>POST /session/:sessionId/element</name>
                    <title>POST /session/:sessionId/element</title>
                    <attachments>
                        <attachment title='Request' source='88ef5d31-8b51-47a9-af21-8f0f82070d40-attachment.json' type='application/json' size='60'/>
                    </attachments>
                    <steps>
                        <step start='1594266851667' status='broken' stop='1594266851684'>
                            <name>GET /session/:sessionId/screenshot</name>
                            <title>GET /session/:sessionId/screenshot</title>
                            <attachments/>
                            <steps/>
                        </step>
                    </steps>
                </step>
            </steps>
            <attachments/>
            <failure>
                <message>no such window: target window already closed
                from unknown error: web view not found
                  (Session info: chrome=83.0.4103.116)</message>
                <stack-trace>no such window: target window already closed
                from unknown error: web view not found
                  (Session info: chrome=83.0.4103.116)
                    at processTicksAndRejections (internal/process/task_queues.js:93:5)
                    at $ (/Users/newuser/Projects/alluma-automation/node_modules/@wdio/runner/build/index.js:189:36)
                    at headerLogoText (/Users/newuser/Projects/alluma-automation/test/pages/header.page.js:14:20)
                    at Context.&lt;anonymous> (/Users/newuser/Projects/alluma-automation/test/specs/header.test.js:10:16)</stack-trace>
            </failure>
        </test-case>
    </test-cases>
</ns2:test-suite>