<?xml version='1.0'?>
<ns2:test-suite xmlns:ns2='urn:model.allure.qatools.yandex.ru' start='1594262221868' stop='1594262224861'>
    <name>Client</name>
    <title>Client</title>
    <test-cases>
        <test-case start='1594262221869' status='failed' stop='1594262224860'>
            <name>Get title</name>
            <title>Get title</title>
            <labels>
                <label name='language' value='javascript'/>
                <label name='framework' value='wdio'/>
                <label name='thread' value='0-0'/>
            </labels>
            <parameters>
                <parameter kind='argument' name='browser' value='chrome'/>
            </parameters>
            <steps>
                <step start='1594262221878' status='passed' stop='1594262222399'>
                    <name>POST /session/:sessionId/url</name>
                    <title>POST /session/:sessionId/url</title>
                    <attachments>
                        <attachment title='Request' source='0f29af42-628c-472f-bab9-0d5aa357ca9e-attachment.json' type='application/json' size='56'/>
                    </attachments>
                    <steps/>
                </step>
                <step start='1594262222400' status='passed' stop='1594262222407'>
                    <name>GET /session/:sessionId/title</name>
                    <title>GET /session/:sessionId/title</title>
                    <attachments>
                        <attachment title='Response' source='a70b4c4c-43ed-475b-a3fa-55db4dd5f5f1-attachment.json' type='application/json' size='34'/>
                    </attachments>
                    <steps/>
                </step>
                <step start='1594262224418' status='passed' stop='1594262224859'>
                    <name>GET /session/:sessionId/screenshot</name>
                    <title>GET /session/:sessionId/screenshot</title>
                    <attachments>
                        <attachment title='Screenshot' source='4ae10acf-98dd-43b3-b9b7-3f265e4d58f9-attachment.png' type='image/png' size='63457'/>
                    </attachments>
                    <steps/>
                </step>
            </steps>
            <attachments/>
            <failure>
                <message>'cx-sb01-auth01.azurewebsites.net' == 'Bug Tracker'</message>
                <stack-trace>AssertionError [ERR_ASSERTION]: 'cx-sb01-auth01.azurewebsites.net' == 'Bug Tracker'
                    at Context.&lt;anonymous> (/Users/newuser/Projects/alluma-automation/test/specs/test.js:9:14)</stack-trace>
            </failure>
        </test-case>
    </test-cases>
</ns2:test-suite>