<?xml version='1.0'?>
<ns2:test-suite xmlns:ns2='urn:model.allure.qatools.yandex.ru' start='1594262273001' stop='1594262276226'>
    <name>Client</name>
    <title>Client</title>
    <test-cases>
        <test-case start='1594262273002' status='failed' stop='1594262276224'>
            <name>Get title</name>
            <title>Get title</title>
            <labels>
                <label name='language' value='javascript'/>
                <label name='framework' value='wdio'/>
                <label name='thread' value='0-0'/>
            </labels>
            <parameters>
                <parameter kind='argument' name='browser' value='chrome'/>
            </parameters>
            <steps>
                <step start='1594262273008' status='passed' stop='1594262273483'>
                    <name>POST /session/:sessionId/url</name>
                    <title>POST /session/:sessionId/url</title>
                    <attachments>
                        <attachment title='Request' source='7b06ec71-1cfa-4d06-afb3-cdc91b9512f5-attachment.json' type='application/json' size='56'/>
                    </attachments>
                    <steps/>
                </step>
                <step start='1594262273484' status='passed' stop='1594262273492'>
                    <name>GET /session/:sessionId/title</name>
                    <title>GET /session/:sessionId/title</title>
                    <attachments>
                        <attachment title='Response' source='c8209e5c-fd7a-4233-81d7-834439364709-attachment.json' type='application/json' size='34'/>
                    </attachments>
                    <steps/>
                </step>
                <step start='1594262275500' status='passed' stop='1594262276221'>
                    <name>GET /session/:sessionId/screenshot</name>
                    <title>GET /session/:sessionId/screenshot</title>
                    <attachments>
                        <attachment title='Screenshot' source='f9a6b49e-9f8a-4d20-a37d-5e6b2c8cad47-attachment.png' type='image/png' size='63457'/>
                    </attachments>
                    <steps/>
                </step>
            </steps>
            <attachments/>
            <failure>
                <message>'cx-sb01-auth01.azurewebsites.net' == 'Bug Tracker'</message>
                <stack-trace>AssertionError [ERR_ASSERTION]: 'cx-sb01-auth01.azurewebsites.net' == 'Bug Tracker'
                    at Context.&lt;anonymous> (/Users/newuser/Projects/alluma-automation/test/specs/test.js:9:14)</stack-trace>
            </failure>
        </test-case>
    </test-cases>
</ns2:test-suite>