<?xml version='1.0'?>
<ns2:test-suite xmlns:ns2='urn:model.allure.qatools.yandex.ru' start='1594262412365' stop='1594262416308'>
    <name>Client</name>
    <title>Client</title>
    <test-cases>
        <test-case start='1594262412366' status='failed' stop='1594262416307'>
            <name>Get title</name>
            <title>Get title</title>
            <labels>
                <label name='language' value='javascript'/>
                <label name='framework' value='wdio'/>
                <label name='thread' value='0-0'/>
            </labels>
            <parameters>
                <parameter kind='argument' name='browser' value='chrome'/>
            </parameters>
            <steps>
                <step start='1594262412372' status='passed' stop='1594262413792'>
                    <name>POST /session/:sessionId/url</name>
                    <title>POST /session/:sessionId/url</title>
                    <attachments>
                        <attachment title='Request' source='326883c9-6816-4452-a194-a1126f216f78-attachment.json' type='application/json' size='39'/>
                    </attachments>
                    <steps/>
                </step>
                <step start='1594262413793' status='passed' stop='1594262413802'>
                    <name>GET /session/:sessionId/title</name>
                    <title>GET /session/:sessionId/title</title>
                    <attachments>
                        <attachment title='Response' source='64f39ba6-b567-4878-828c-1c6c0924148c-attachment.json' type='application/json' size='23'/>
                    </attachments>
                    <steps/>
                </step>
                <step start='1594262415811' status='passed' stop='1594262416306'>
                    <name>GET /session/:sessionId/screenshot</name>
                    <title>GET /session/:sessionId/screenshot</title>
                    <attachments>
                        <attachment title='Screenshot' source='5e0ecfca-bc4c-4cc3-9307-9a071d7c8004-attachment.png' type='image/png' size='120827'/>
                    </attachments>
                    <steps/>
                </step>
            </steps>
            <attachments/>
            <failure>
                <message>'React Web Development' == 'Bug Tracker'</message>
                <stack-trace>AssertionError [ERR_ASSERTION]: 'React Web Development' == 'Bug Tracker'
                    at Context.&lt;anonymous> (/Users/newuser/Projects/alluma-automation/test/specs/test.js:9:14)</stack-trace>
            </failure>
        </test-case>
    </test-cases>
</ns2:test-suite>