<?xml version='1.0'?>
<ns2:test-suite xmlns:ns2='urn:model.allure.qatools.yandex.ru' start='1594261768085' stop='1594261771006'>
    <name>Client</name>
    <title>Client</title>
    <test-cases>
        <test-case start='1594261768086' status='failed' stop='1594261771005'>
            <name>Get title</name>
            <title>Get title</title>
            <labels>
                <label name='language' value='javascript'/>
                <label name='framework' value='wdio'/>
                <label name='thread' value='0-0'/>
            </labels>
            <parameters>
                <parameter kind='argument' name='browser' value='chrome'/>
            </parameters>
            <steps>
                <step start='1594261768091' status='passed' stop='1594261768550'>
                    <name>POST /session/:sessionId/url</name>
                    <title>POST /session/:sessionId/url</title>
                    <attachments>
                        <attachment title='Request' source='8686aef4-104b-4050-a5f9-4664d81d4543-attachment.json' type='application/json' size='56'/>
                    </attachments>
                    <steps/>
                </step>
                <step start='1594261768551' status='passed' stop='1594261768559'>
                    <name>GET /session/:sessionId/title</name>
                    <title>GET /session/:sessionId/title</title>
                    <attachments>
                        <attachment title='Response' source='11c1c487-5fec-4398-ae81-50d1791a7cea-attachment.json' type='application/json' size='34'/>
                    </attachments>
                    <steps/>
                </step>
                <step start='1594261770571' status='passed' stop='1594261771004'>
                    <name>GET /session/:sessionId/screenshot</name>
                    <title>GET /session/:sessionId/screenshot</title>
                    <attachments>
                        <attachment title='Screenshot' source='21b0aef3-c132-4cd3-9dc3-5709c58c6e48-attachment.png' type='image/png' size='63457'/>
                    </attachments>
                    <steps/>
                </step>
            </steps>
            <attachments/>
            <failure>
                <message>'cx-sb01-auth01.azurewebsites.net' == 'Bug Tracker'</message>
                <stack-trace>AssertionError [ERR_ASSERTION]: 'cx-sb01-auth01.azurewebsites.net' == 'Bug Tracker'
                    at Context.&lt;anonymous> (/Users/newuser/Projects/alluma-automation/test/specs/test.js:9:14)</stack-trace>
            </failure>
        </test-case>
    </test-cases>
</ns2:test-suite>