<?xml version='1.0'?>
<ns2:test-suite xmlns:ns2='urn:model.allure.qatools.yandex.ru' start='1594261719042' stop='1594261722404'>
    <name>Client</name>
    <title>Client</title>
    <test-cases>
        <test-case start='1594261719044' status='failed' stop='1594261722403'>
            <name>Get title</name>
            <title>Get title</title>
            <labels>
                <label name='language' value='javascript'/>
                <label name='framework' value='wdio'/>
                <label name='thread' value='0-0'/>
            </labels>
            <parameters>
                <parameter kind='argument' name='browser' value='chrome'/>
            </parameters>
            <steps>
                <step start='1594261719058' status='passed' stop='1594261719844'>
                    <name>POST /session/:sessionId/url</name>
                    <title>POST /session/:sessionId/url</title>
                    <attachments>
                        <attachment title='Request' source='5ab6a054-6fc2-4937-b319-fb294029a4dc-attachment.json' type='application/json' size='56'/>
                    </attachments>
                    <steps/>
                </step>
                <step start='1594261719845' status='passed' stop='1594261719855'>
                    <name>GET /session/:sessionId/title</name>
                    <title>GET /session/:sessionId/title</title>
                    <attachments>
                        <attachment title='Response' source='a9365cb3-3035-4793-9654-e44c9613b15f-attachment.json' type='application/json' size='34'/>
                    </attachments>
                    <steps/>
                </step>
                <step start='1594261721872' status='passed' stop='1594261722402'>
                    <name>GET /session/:sessionId/screenshot</name>
                    <title>GET /session/:sessionId/screenshot</title>
                    <attachments>
                        <attachment title='Screenshot' source='48ccf5ff-8192-4c6a-9334-8e597b1b4388-attachment.png' type='image/png' size='63457'/>
                    </attachments>
                    <steps/>
                </step>
            </steps>
            <attachments/>
            <failure>
                <message>'cx-sb01-auth01.azurewebsites.net' == 'Bug Tracker'</message>
                <stack-trace>AssertionError [ERR_ASSERTION]: 'cx-sb01-auth01.azurewebsites.net' == 'Bug Tracker'
                    at Context.&lt;anonymous> (/Users/newuser/Projects/alluma-automation/test/specs/test.js:9:14)</stack-trace>
            </failure>
        </test-case>
    </test-cases>
</ns2:test-suite>