<?xml version='1.0'?>
<ns2:test-suite xmlns:ns2='urn:model.allure.qatools.yandex.ru' start='1594282120449' stop='1594282124184'>
    <name>Home-page</name>
    <title>Home-page</title>
    <test-cases>
        <test-case start='1594282120450' status='failed' stop='1594282122782'>
            <name>Home-background</name>
            <title>Home-background</title>
            <labels>
                <label name='language' value='javascript'/>
                <label name='framework' value='wdio'/>
                <label name='thread' value='0-0'/>
            </labels>
            <parameters>
                <parameter kind='argument' name='browser' value='chrome'/>
            </parameters>
            <steps>
                <step start='1594282120454' status='passed' stop='1594282121257'>
                    <name>POST /session/:sessionId/url</name>
                    <title>POST /session/:sessionId/url</title>
                    <attachments>
                        <attachment title='Request' source='e9b55164-6e56-4435-978c-82b629311ae5-attachment.json' type='application/json' size='436'/>
                    </attachments>
                    <steps/>
                </step>
                <step start='1594282121258' status='passed' stop='1594282121277'>
                    <name>POST /session/:sessionId/element</name>
                    <title>POST /session/:sessionId/element</title>
                    <attachments>
                        <attachment title='Request' source='4b963051-28de-408b-b007-17fc59fb5440-attachment.json' type='application/json' size='56'/>
                        <attachment title='Response' source='6f59d0e2-edfd-4e5f-839b-1301113d996a-attachment.json' type='application/json' size='83'/>
                    </attachments>
                    <steps/>
                </step>
                <step start='1594282121283' status='passed' stop='1594282121299'>
                    <name>GET /session/:sessionId/element/a8b1acfb-6dea-48eb-bff9-5c8aca611b0e/attribute/background-image</name>
                    <title>GET /session/:sessionId/element/a8b1acfb-6dea-48eb-bff9-5c8aca611b0e/attribute/background-image</title>
                    <attachments/>
                    <steps/>
                </step>
                <step start='1594282121307' status='passed' stop='1594282122759'>
                    <name>GET /session/:sessionId/screenshot</name>
                    <title>GET /session/:sessionId/screenshot</title>
                    <attachments>
                        <attachment title='Screenshot' source='6341c3cf-4952-4a11-8cec-cd648cddc33b-attachment.png' type='image/png' size='1724923'/>
                    </attachments>
                    <steps/>
                </step>
            </steps>
            <attachments/>
            <failure>
                <message>expected null to equal 'url(\'../GGHome1366x768.jpg\')'</message>
                <stack-trace>AssertionError: expected null to equal 'url(\'../GGHome1366x768.jpg\')'
                    at home.bgImage (/Users/newuser/Projects/alluma-automation/test/pages/home.page.js:10:16)
                    at Context.&lt;anonymous> (/Users/newuser/Projects/alluma-automation/test/specs/home.test.js:7:14)</stack-trace>
            </failure>
        </test-case>
        <test-case start='1594282122783' status='failed' stop='1594282124183'>
            <name>Home-text</name>
            <title>Home-text</title>
            <labels>
                <label name='language' value='javascript'/>
                <label name='framework' value='wdio'/>
                <label name='thread' value='0-0'/>
            </labels>
            <parameters>
                <parameter kind='argument' name='browser' value='chrome'/>
            </parameters>
            <steps>
                <step start='1594282122784' status='passed' stop='1594282122799'>
                    <name>POST /session/:sessionId/element</name>
                    <title>POST /session/:sessionId/element</title>
                    <attachments>
                        <attachment title='Request' source='651f628d-13a9-404b-bdf4-795ddd0a2c80-attachment.json' type='application/json' size='65'/>
                        <attachment title='Response' source='35b9d506-edc3-4c63-831f-f800df0e5929-attachment.json' type='application/json' size='83'/>
                    </attachments>
                    <steps/>
                </step>
                <step start='1594282122801' status='passed' stop='1594282122833'>
                    <name>GET /session/:sessionId/element/cbe40408-7031-4bbf-a7cd-db6771d7dcaa/text</name>
                    <title>GET /session/:sessionId/element/cbe40408-7031-4bbf-a7cd-db6771d7dcaa/text</title>
                    <attachments>
                        <attachment title='Response' source='9c0756e2-d0e2-484f-ac52-e47e10e9f500-attachment.json' type='application/json' size='24'/>
                    </attachments>
                    <steps/>
                </step>
                <step start='1594282122834' status='passed' stop='1594282124174'>
                    <name>GET /session/:sessionId/screenshot</name>
                    <title>GET /session/:sessionId/screenshot</title>
                    <attachments>
                        <attachment title='Screenshot' source='33238f83-261b-4f42-a2e8-44efb714c537-attachment.png' type='image/png' size='1724588'/>
                    </attachments>
                    <steps/>
                </step>
            </steps>
            <attachments/>
            <failure>
                <message>expected 'Welcome to Connections' to equal undefined</message>
                <stack-trace>AssertionError: expected 'Welcome to Connections' to equal undefined
                    at home.text (/Users/newuser/Projects/alluma-automation/test/pages/home.page.js:15:16)
                    at Context.&lt;anonymous> (/Users/newuser/Projects/alluma-automation/test/specs/home.test.js:11:14)</stack-trace>
            </failure>
        </test-case>
    </test-cases>
</ns2:test-suite>