<?xml version='1.0'?>
<ns2:test-suite xmlns:ns2='urn:model.allure.qatools.yandex.ru' start='1594270852487' stop='1594270852920'>
    <name>Footer</name>
    <title>Footer</title>
    <test-cases>
        <test-case start='1594270852488' status='broken' stop='1594270852850'>
            <name>Footer-logo</name>
            <title>Footer-logo</title>
            <labels>
                <label name='language' value='javascript'/>
                <label name='framework' value='wdio'/>
                <label name='thread' value='0-0'/>
            </labels>
            <parameters>
                <parameter kind='argument' name='browser' value='chrome'/>
            </parameters>
            <steps>
                <step start='1594270852492' status='broken' stop='1594270852850'>
                    <name>POST /session/:sessionId/url</name>
                    <title>POST /session/:sessionId/url</title>
                    <attachments>
                        <attachment title='Request' source='9bcfdfb7-2693-4aa1-8d6f-3eb18623a5a9-attachment.json' type='application/json' size='436'/>
                    </attachments>
                    <steps>
                        <step start='1594270852823' status='broken' stop='1594270852850'>
                            <name>GET /session/:sessionId/screenshot</name>
                            <title>GET /session/:sessionId/screenshot</title>
                            <attachments/>
                            <steps/>
                        </step>
                    </steps>
                </step>
            </steps>
            <attachments/>
            <failure>
                <message>no such window: window was already closed
                  (Session info: chrome=83.0.4103.116)</message>
                <stack-trace>no such window: window was already closed
                  (Session info: chrome=83.0.4103.116)
                    at processTicksAndRejections (internal/process/task_queues.js:93:5)
                    at footer.openBase (/Users/newuser/Projects/alluma-automation/test/pages/base.js:5:17)
                    at Context.&lt;anonymous> (/Users/newuser/Projects/alluma-automation/test/specs/footer.test.js:6:16)</stack-trace>
            </failure>
        </test-case>
        <test-case start='1594270852851' status='broken' stop='1594270852918'>
            <name>First-h4-text</name>
            <title>First-h4-text</title>
            <labels>
                <label name='language' value='javascript'/>
                <label name='framework' value='wdio'/>
                <label name='thread' value='0-0'/>
            </labels>
            <parameters>
                <parameter kind='argument' name='browser' value='chrome'/>
            </parameters>
            <steps>
                <step start='1594270852853' status='broken' stop='1594270852917'>
                    <name>POST /session/:sessionId/element</name>
                    <title>POST /session/:sessionId/element</title>
                    <attachments>
                        <attachment title='Request' source='4874d284-7a19-47a1-b9a3-b02a4593e271-attachment.json' type='application/json' size='59'/>
                    </attachments>
                    <steps>
                        <step start='1594270852890' status='broken' stop='1594270852917'>
                            <name>GET /session/:sessionId/screenshot</name>
                            <title>GET /session/:sessionId/screenshot</title>
                            <attachments/>
                            <steps/>
                        </step>
                    </steps>
                </step>
            </steps>
            <attachments/>
            <failure>
                <message>no such window: window was already closed
                  (Session info: chrome=83.0.4103.116)</message>
                <stack-trace>no such window: window was already closed
                  (Session info: chrome=83.0.4103.116)
                    at processTicksAndRejections (internal/process/task_queues.js:93:5)
                    at $ (/Users/newuser/Projects/alluma-automation/node_modules/@wdio/runner/build/index.js:189:36)
                    at footer.firstH4text (/Users/newuser/Projects/alluma-automation/test/pages/footer.page.js:18:21)
                    at Context.&lt;anonymous> (/Users/newuser/Projects/alluma-automation/test/specs/footer.test.js:11:16)</stack-trace>
            </failure>
        </test-case>
    </test-cases>
</ns2:test-suite>